<?xml version="1.0" encoding="UTF-8"?>
<!-- Generated by org.testng.reporters.JUnitReportReporter -->
<testsuite hostname="MANORSAH-1VNNR" failures="0" tests="1" name="tests.XMLSchemaValidation" time="5.028" errors="0" timestamp="2021-05-29T20:24:08 IST" skipped="0">
  <testcase classname="tests.XMLSchemaValidation" name="schemaValidation" time="5.028"/>
  <system-out/>
</testsuite> <!-- tests.XMLSchemaValidation -->
