<?xml version="1.0" encoding="UTF-8"?>
<!-- Generated by org.testng.reporters.JUnitReportReporter -->
<testsuite hostname="MANORSAH-1VNNR" failures="0" tests="1" name="tests.SoapXMLRequest" time="5.477" errors="0" timestamp="2021-05-20T20:58:47 IST" skipped="0">
  <testcase classname="tests.SoapXMLRequest" name="validateSoapXml" time="5.477"/>
  <system-out/>
</testsuite> <!-- tests.SoapXMLRequest -->
